lib_zxing/build/intermediates/manifest_merge_blame_file/debug/manifest-merger-blame-debug-report.txt
1<?xml version="1.0" encoding="utf-8"?>
2<manifest xmlns:android="http://schemas.android.com/apk/res/android"
3    package="com.google.zxing" >
4
5    <uses-sdk android:minSdkVersion="21" />
5-->src\main\AndroidManifest.xml
6
7    <uses-permission android:name="android.permission.CAMERA" />
7-->src\main\AndroidManifest.xml:3:5-65
7-->src\main\AndroidManifest.xml:3:22-62
8    <uses-permission android:name="android.permission.VIBRATE" />
8-->src\main\AndroidManifest.xml:4:5-66
8-->src\main\AndroidManifest.xml:4:22-63
9
10    <uses-feature android:name="android.hardware.camera" />
10-->src\main\AndroidManifest.xml:5:5-60
10-->src\main\AndroidManifest.xml:5:19-57
11    <uses-feature android:name="android.hardware.camera.autofocus" />
11-->src\main\AndroidManifest.xml:6:5-70
11-->src\main\AndroidManifest.xml:6:19-67
12
13    <application>
13-->src\main\AndroidManifest.xml:8:5-13:19
14        <activity
14-->src\main\AndroidManifest.xml:9:9-12:45
15            android:name="com.google.zxing.activity.CaptureActivity"
15-->src\main\AndroidManifest.xml:9:19-75
16            android:launchMode="singleTask"
16-->src\main\AndroidManifest.xml:10:13-44
17            android:screenOrientation="portrait"
17-->src\main\AndroidManifest.xml:11:13-49
18            android:theme="@style/scaner" />
18-->src\main\AndroidManifest.xml:12:13-42
19    </application>
20
21</manifest>